<?xml version="1.0" encoding="UTF-8"?>
<testsuite xmlns:xsi="http://www.w3.org/2001/XMLSchema-instance" xsi:noNamespaceSchemaLocation="https://maven.apache.org/surefire/maven-surefire-plugin/xsd/surefire-test-report.xsd" name="ar.edu.utn.frba.dds.queMePongo.PrendaTest" time="0.096" tests="4" errors="0" skipped="0" failures="0">
  <properties>
[...]
</properties>
  <testcase name="elColorPrimarioDeUnaPrenda" classname="ar.edu.utn.frba.dds.queMePongo.PrendaTest" time="0.072"/>
  <testcase name="elTipoDeUnaPrenda" classname="ar.edu.utn.frba.dds.queMePongo.PrendaTest" time="0.006"/>
  <testcase name="laCategoriaDeUnaPrenda" classname="ar.edu.utn.frba.dds.queMePongo.PrendaTest" time="0"/>
  <testcase name="elMaterialDeLaPrenda" classname="ar.edu.utn.frba.dds.queMePongo.PrendaTest" time="0.002"/>
</testsuite>